{"D:\\material-3_part_2\\swe\\section\\Project_Sec\\backEnd\\config.js": {"path":"D:\\material-3_part_2\\swe\\section\\Project_Sec\\backEnd\\config.js","statementMap":{"0":{"start":{"line":1,"column":17},"end":{"line":1,"column":36}},"1":{"start":{"line":2,"column":0},"end":{"line":2,"column":27}},"2":{"start":{"line":4,"column":2},"end":{"line":15,"column":3}},"3":{"start":{"line":5,"column":4},"end":{"line":10,"column":6}},"4":{"start":{"line":11,"column":4},"end":{"line":11,"column":62}},"5":{"start":{"line":14,"column":4},"end":{"line":14,"column":20}},"6":{"start":{"line":17,"column":0},"end":{"line":17,"column":27}}},"fnMap":{"0":{"name":"ConnectDB","decl":{"start":{"line":3,"column":15},"end":{"line":3,"column":24}},"loc":{"start":{"line":3,"column":27},"end":{"line":16,"column":1}},"line":3}},"branchMap":{},"s":{"0":5,"1":5,"2":6,"3":6,"4":4,"5":1,"6":5},"f":{"0":6},"b":{},"_coverageSchema":"1a1c01bbd47fc00a2c39e90264f33305004495a9","hash":"ad6b89d59646ad2115bd3a56df58982b832c3c6e"}
,"D:\\material-3_part_2\\swe\\section\\Project_Sec\\backEnd\\index.js": {"path":"D:\\material-3_part_2\\swe\\section\\Project_Sec\\backEnd\\index.js","statementMap":{"0":{"start":{"line":1,"column":16},"end":{"line":1,"column":34}},"1":{"start":{"line":2,"column":18},"end":{"line":2,"column":37}},"2":{"start":{"line":3,"column":19},"end":{"line":3,"column":50}},"3":{"start":{"line":4,"column":22},"end":{"line":4,"column":53}},"4":{"start":{"line":5,"column":23},"end":{"line":5,"column":58}},"5":{"start":{"line":6,"column":15},"end":{"line":6,"column":32}},"6":{"start":{"line":7,"column":13},"end":{"line":7,"column":28}},"7":{"start":{"line":8,"column":13},"end":{"line":8,"column":28}},"8":{"start":{"line":9,"column":12},"end":{"line":9,"column":21}},"9":{"start":{"line":10,"column":0},"end":{"line":10,"column":12}},"10":{"start":{"line":11,"column":0},"end":{"line":11,"column":24}},"11":{"start":{"line":12,"column":0},"end":{"line":12,"column":69}},"12":{"start":{"line":13,"column":0},"end":{"line":13,"column":16}},"13":{"start":{"line":14,"column":0},"end":{"line":14,"column":23}},"14":{"start":{"line":15,"column":0},"end":{"line":15,"column":37}},"15":{"start":{"line":16,"column":0},"end":{"line":16,"column":43}},"16":{"start":{"line":17,"column":0},"end":{"line":17,"column":44}},"17":{"start":{"line":18,"column":0},"end":{"line":22,"column":3}},"18":{"start":{"line":19,"column":2},"end":{"line":21,"column":69}},"19":{"start":{"line":24,"column":0},"end":{"line":24,"column":21}}},"fnMap":{"0":{"name":"(anonymous_0)","decl":{"start":{"line":18,"column":13},"end":{"line":18,"column":14}},"loc":{"start":{"line":18,"column":27},"end":{"line":22,"column":1}},"line":18}},"branchMap":{},"s":{"0":4,"1":4,"2":4,"3":4,"4":4,"5":4,"6":4,"7":4,"8":4,"9":4,"10":4,"11":4,"12":4,"13":4,"14":4,"15":4,"16":4,"17":4,"18":1,"19":4},"f":{"0":1},"b":{},"_coverageSchema":"1a1c01bbd47fc00a2c39e90264f33305004495a9","hash":"b2de13071964e4393b0a33df6246d1196d60f114"}
,"D:\\material-3_part_2\\swe\\section\\Project_Sec\\backEnd\\controllers\\auth.controller.js": {"path":"D:\\material-3_part_2\\swe\\section\\Project_Sec\\backEnd\\controllers\\auth.controller.js","statementMap":{"0":{"start":{"line":1,"column":13},"end":{"line":1,"column":44}},"1":{"start":{"line":2,"column":22},"end":{"line":2,"column":55}},"2":{"start":{"line":3,"column":15},"end":{"line":3,"column":34}},"3":{"start":{"line":5,"column":2},"end":{"line":75,"column":3}},"4":{"start":{"line":6,"column":57},"end":{"line":6,"column":65}},"5":{"start":{"line":8,"column":4},"end":{"line":12,"column":5}},"6":{"start":{"line":9,"column":6},"end":{"line":11,"column":75}},"7":{"start":{"line":13,"column":4},"end":{"line":17,"column":5}},"8":{"start":{"line":14,"column":6},"end":{"line":16,"column":70}},"9":{"start":{"line":19,"column":6},"end":{"line":19,"column":76}},"10":{"start":{"line":20,"column":4},"end":{"line":26,"column":5}},"11":{"start":{"line":21,"column":6},"end":{"line":25,"column":9}},"12":{"start":{"line":27,"column":4},"end":{"line":32,"column":5}},"13":{"start":{"line":28,"column":6},"end":{"line":31,"column":9}},"14":{"start":{"line":34,"column":4},"end":{"line":40,"column":5}},"15":{"start":{"line":35,"column":6},"end":{"line":39,"column":9}},"16":{"start":{"line":42,"column":22},"end":{"line":42,"column":51}},"17":{"start":{"line":43,"column":4},"end":{"line":47,"column":5}},"18":{"start":{"line":44,"column":6},"end":{"line":46,"column":69}},"19":{"start":{"line":48,"column":21},"end":{"line":48,"column":52}},"20":{"start":{"line":49,"column":17},"end":{"line":53,"column":6}},"21":{"start":{"line":54,"column":18},"end":{"line":60,"column":6}},"22":{"start":{"line":61,"column":4},"end":{"line":61,"column":23}},"23":{"start":{"line":62,"column":4},"end":{"line":62,"column":22}},"24":{"start":{"line":70,"column":4},"end":{"line":72,"column":63}},"25":{"start":{"line":74,"column":4},"end":{"line":74,"column":77}},"26":{"start":{"line":78,"column":2},"end":{"line":111,"column":3}},"27":{"start":{"line":79,"column":32},"end":{"line":79,"column":40}},"28":{"start":{"line":80,"column":4},"end":{"line":84,"column":5}},"29":{"start":{"line":81,"column":6},"end":{"line":83,"column":70}},"30":{"start":{"line":87,"column":6},"end":{"line":87,"column":76}},"31":{"start":{"line":88,"column":4},"end":{"line":94,"column":5}},"32":{"start":{"line":89,"column":6},"end":{"line":93,"column":9}},"33":{"start":{"line":96,"column":17},"end":{"line":96,"column":46}},"34":{"start":{"line":97,"column":4},"end":{"line":97,"column":22}},"35":{"start":{"line":98,"column":20},"end":{"line":98,"column":25}},"36":{"start":{"line":99,"column":4},"end":{"line":101,"column":5}},"37":{"start":{"line":100,"column":6},"end":{"line":100,"column":64}},"38":{"start":{"line":102,"column":4},"end":{"line":106,"column":5}},"39":{"start":{"line":103,"column":6},"end":{"line":105,"column":65}},"40":{"start":{"line":107,"column":22},"end":{"line":107,"column":26}},"41":{"start":{"line":108,"column":4},"end":{"line":108,"column":72}},"42":{"start":{"line":110,"column":4},"end":{"line":110,"column":68}},"43":{"start":{"line":118,"column":2},"end":{"line":118,"column":32}},"44":{"start":{"line":121,"column":0},"end":{"line":126,"column":2}}},"fnMap":{"0":{"name":"register","decl":{"start":{"line":4,"column":15},"end":{"line":4,"column":23}},"loc":{"start":{"line":4,"column":34},"end":{"line":76,"column":1}},"line":4},"1":{"name":"login","decl":{"start":{"line":77,"column":15},"end":{"line":77,"column":20}},"loc":{"start":{"line":77,"column":31},"end":{"line":112,"column":1}},"line":77},"2":{"name":"matchPassBtwRepassword","decl":{"start":{"line":117,"column":9},"end":{"line":117,"column":31}},"loc":{"start":{"line":117,"column":54},"end":{"line":119,"column":1}},"line":117}},"branchMap":{"0":{"loc":{"start":{"line":8,"column":4},"end":{"line":12,"column":5}},"type":"if","locations":[{"start":{"line":8,"column":4},"end":{"line":12,"column":5}},{"start":{},"end":{}}],"line":8},"1":{"loc":{"start":{"line":8,"column":8},"end":{"line":8,"column":48}},"type":"binary-expr","locations":[{"start":{"line":8,"column":8},"end":{"line":8,"column":39}},{"start":{"line":8,"column":43},"end":{"line":8,"column":48}}],"line":8},"2":{"loc":{"start":{"line":13,"column":4},"end":{"line":17,"column":5}},"type":"if","locations":[{"start":{"line":13,"column":4},"end":{"line":17,"column":5}},{"start":{},"end":{}}],"line":13},"3":{"loc":{"start":{"line":13,"column":8},"end":{"line":13,"column":59}},"type":"binary-expr","locations":[{"start":{"line":13,"column":8},"end":{"line":13,"column":49}},{"start":{"line":13,"column":53},"end":{"line":13,"column":59}}],"line":13},"4":{"loc":{"start":{"line":20,"column":4},"end":{"line":26,"column":5}},"type":"if","locations":[{"start":{"line":20,"column":4},"end":{"line":26,"column":5}},{"start":{},"end":{}}],"line":20},"5":{"loc":{"start":{"line":20,"column":8},"end":{"line":20,"column":50}},"type":"binary-expr","locations":[{"start":{"line":20,"column":8},"end":{"line":20,"column":37}},{"start":{"line":20,"column":41},"end":{"line":20,"column":50}}],"line":20},"6":{"loc":{"start":{"line":27,"column":4},"end":{"line":32,"column":5}},"type":"if","locations":[{"start":{"line":27,"column":4},"end":{"line":32,"column":5}},{"start":{},"end":{}}],"line":27},"7":{"loc":{"start":{"line":34,"column":4},"end":{"line":40,"column":5}},"type":"if","locations":[{"start":{"line":34,"column":4},"end":{"line":40,"column":5}},{"start":{},"end":{}}],"line":34},"8":{"loc":{"start":{"line":43,"column":4},"end":{"line":47,"column":5}},"type":"if","locations":[{"start":{"line":43,"column":4},"end":{"line":47,"column":5}},{"start":{},"end":{}}],"line":43},"9":{"loc":{"start":{"line":80,"column":4},"end":{"line":84,"column":5}},"type":"if","locations":[{"start":{"line":80,"column":4},"end":{"line":84,"column":5}},{"start":{},"end":{}}],"line":80},"10":{"loc":{"start":{"line":80,"column":8},"end":{"line":80,"column":59}},"type":"binary-expr","locations":[{"start":{"line":80,"column":8},"end":{"line":80,"column":49}},{"start":{"line":80,"column":53},"end":{"line":80,"column":59}}],"line":80},"11":{"loc":{"start":{"line":88,"column":4},"end":{"line":94,"column":5}},"type":"if","locations":[{"start":{"line":88,"column":4},"end":{"line":94,"column":5}},{"start":{},"end":{}}],"line":88},"12":{"loc":{"start":{"line":88,"column":8},"end":{"line":88,"column":50}},"type":"binary-expr","locations":[{"start":{"line":88,"column":8},"end":{"line":88,"column":37}},{"start":{"line":88,"column":41},"end":{"line":88,"column":50}}],"line":88},"13":{"loc":{"start":{"line":99,"column":4},"end":{"line":101,"column":5}},"type":"if","locations":[{"start":{"line":99,"column":4},"end":{"line":101,"column":5}},{"start":{},"end":{}}],"line":99},"14":{"loc":{"start":{"line":102,"column":4},"end":{"line":106,"column":5}},"type":"if","locations":[{"start":{"line":102,"column":4},"end":{"line":106,"column":5}},{"start":{},"end":{}}],"line":102},"15":{"loc":{"start":{"line":102,"column":8},"end":{"line":102,"column":27}},"type":"binary-expr","locations":[{"start":{"line":102,"column":8},"end":{"line":102,"column":13}},{"start":{"line":102,"column":17},"end":{"line":102,"column":27}}],"line":102}},"s":{"0":4,"1":4,"2":4,"3":15,"4":15,"5":15,"6":2,"7":13,"8":2,"9":11,"10":11,"11":3,"12":8,"13":1,"14":7,"15":1,"16":6,"17":6,"18":2,"19":4,"20":4,"21":4,"22":4,"23":4,"24":3,"25":1,"26":9,"27":9,"28":9,"29":2,"30":7,"31":7,"32":2,"33":5,"34":4,"35":4,"36":4,"37":3,"38":4,"39":1,"40":3,"41":3,"42":1,"43":10,"44":4},"f":{"0":15,"1":9,"2":10},"b":{"0":[2,13],"1":[15,14],"2":[2,11],"3":[13,11],"4":[3,8],"5":[11,8],"6":[1,7],"7":[1,6],"8":[2,4],"9":[2,7],"10":[9,7],"11":[2,5],"12":[7,5],"13":[3,1],"14":[1,3],"15":[4,3]},"_coverageSchema":"1a1c01bbd47fc00a2c39e90264f33305004495a9","hash":"dc2741798f07b5db379a9b0712bf05002cbf4756"}
,"D:\\material-3_part_2\\swe\\section\\Project_Sec\\backEnd\\controllers\\crud.controller.js": {"path":"D:\\material-3_part_2\\swe\\section\\Project_Sec\\backEnd\\controllers\\crud.controller.js","statementMap":{"0":{"start":{"line":1,"column":16},"end":{"line":1,"column":53}},"1":{"start":{"line":2,"column":20},"end":{"line":2,"column":48}},"2":{"start":{"line":3,"column":19},"end":{"line":53,"column":1}},"3":{"start":{"line":4,"column":2},"end":{"line":52,"column":3}},"4":{"start":{"line":5,"column":4},"end":{"line":5,"column":26}},"5":{"start":{"line":6,"column":39},"end":{"line":6,"column":47}},"6":{"start":{"line":7,"column":4},"end":{"line":11,"column":5}},"7":{"start":{"line":8,"column":6},"end":{"line":10,"column":70}},"8":{"start":{"line":12,"column":4},"end":{"line":17,"column":5}},"9":{"start":{"line":13,"column":6},"end":{"line":16,"column":9}},"10":{"start":{"line":18,"column":4},"end":{"line":22,"column":5}},"11":{"start":{"line":19,"column":6},"end":{"line":21,"column":78}},"12":{"start":{"line":23,"column":4},"end":{"line":28,"column":5}},"13":{"start":{"line":24,"column":6},"end":{"line":27,"column":9}},"14":{"start":{"line":30,"column":22},"end":{"line":30,"column":40}},"15":{"start":{"line":31,"column":4},"end":{"line":35,"column":5}},"16":{"start":{"line":32,"column":6},"end":{"line":34,"column":61}},"17":{"start":{"line":36,"column":4},"end":{"line":36,"column":27}},"18":{"start":{"line":38,"column":4},"end":{"line":38,"column":29}},"19":{"start":{"line":39,"column":20},"end":{"line":44,"column":6}},"20":{"start":{"line":45,"column":4},"end":{"line":45,"column":25}},"21":{"start":{"line":46,"column":4},"end":{"line":46,"column":25}},"22":{"start":{"line":47,"column":4},"end":{"line":49,"column":65}},"23":{"start":{"line":51,"column":4},"end":{"line":51,"column":77}},"24":{"start":{"line":54,"column":23},"end":{"line":61,"column":1}},"25":{"start":{"line":55,"column":2},"end":{"line":60,"column":3}},"26":{"start":{"line":56,"column":21},"end":{"line":56,"column":41}},"27":{"start":{"line":57,"column":4},"end":{"line":57,"column":75}},"28":{"start":{"line":59,"column":4},"end":{"line":59,"column":77}},"29":{"start":{"line":62,"column":25},"end":{"line":75,"column":1}},"30":{"start":{"line":63,"column":2},"end":{"line":74,"column":3}},"31":{"start":{"line":64,"column":19},"end":{"line":64,"column":29}},"32":{"start":{"line":65,"column":20},"end":{"line":65,"column":46}},"33":{"start":{"line":66,"column":4},"end":{"line":70,"column":5}},"34":{"start":{"line":67,"column":6},"end":{"line":69,"column":64}},"35":{"start":{"line":71,"column":4},"end":{"line":71,"column":74}},"36":{"start":{"line":73,"column":4},"end":{"line":73,"column":77}},"37":{"start":{"line":76,"column":22},"end":{"line":89,"column":1}},"38":{"start":{"line":77,"column":2},"end":{"line":88,"column":3}},"39":{"start":{"line":78,"column":19},"end":{"line":78,"column":29}},"40":{"start":{"line":79,"column":20},"end":{"line":79,"column":55}},"41":{"start":{"line":80,"column":4},"end":{"line":84,"column":5}},"42":{"start":{"line":81,"column":6},"end":{"line":83,"column":64}},"43":{"start":{"line":85,"column":4},"end":{"line":85,"column":74}},"44":{"start":{"line":87,"column":4},"end":{"line":87,"column":77}},"45":{"start":{"line":90,"column":22},"end":{"line":115,"column":1}},"46":{"start":{"line":91,"column":2},"end":{"line":114,"column":3}},"47":{"start":{"line":92,"column":19},"end":{"line":92,"column":29}},"48":{"start":{"line":93,"column":22},"end":{"line":93,"column":30}},"49":{"start":{"line":94,"column":4},"end":{"line":94,"column":27}},"50":{"start":{"line":95,"column":4},"end":{"line":99,"column":5}},"51":{"start":{"line":96,"column":6},"end":{"line":98,"column":78}},"52":{"start":{"line":100,"column":20},"end":{"line":104,"column":5}},"53":{"start":{"line":105,"column":4},"end":{"line":109,"column":5}},"54":{"start":{"line":106,"column":6},"end":{"line":108,"column":64}},"55":{"start":{"line":111,"column":4},"end":{"line":111,"column":74}},"56":{"start":{"line":113,"column":4},"end":{"line":113,"column":77}},"57":{"start":{"line":116,"column":0},"end":{"line":122,"column":2}}},"fnMap":{"0":{"name":"(anonymous_0)","decl":{"start":{"line":3,"column":19},"end":{"line":3,"column":20}},"loc":{"start":{"line":3,"column":39},"end":{"line":53,"column":1}},"line":3},"1":{"name":"(anonymous_1)","decl":{"start":{"line":54,"column":23},"end":{"line":54,"column":24}},"loc":{"start":{"line":54,"column":43},"end":{"line":61,"column":1}},"line":54},"2":{"name":"(anonymous_2)","decl":{"start":{"line":62,"column":25},"end":{"line":62,"column":26}},"loc":{"start":{"line":62,"column":45},"end":{"line":75,"column":1}},"line":62},"3":{"name":"(anonymous_3)","decl":{"start":{"line":76,"column":22},"end":{"line":76,"column":23}},"loc":{"start":{"line":76,"column":42},"end":{"line":89,"column":1}},"line":76},"4":{"name":"(anonymous_4)","decl":{"start":{"line":90,"column":22},"end":{"line":90,"column":23}},"loc":{"start":{"line":90,"column":42},"end":{"line":115,"column":1}},"line":90}},"branchMap":{"0":{"loc":{"start":{"line":7,"column":4},"end":{"line":11,"column":5}},"type":"if","locations":[{"start":{"line":7,"column":4},"end":{"line":11,"column":5}},{"start":{},"end":{}}],"line":7},"1":{"loc":{"start":{"line":7,"column":8},"end":{"line":7,"column":39}},"type":"binary-expr","locations":[{"start":{"line":7,"column":8},"end":{"line":7,"column":13}},{"start":{"line":7,"column":17},"end":{"line":7,"column":23}},{"start":{"line":7,"column":27},"end":{"line":7,"column":39}}],"line":7},"2":{"loc":{"start":{"line":12,"column":4},"end":{"line":17,"column":5}},"type":"if","locations":[{"start":{"line":12,"column":4},"end":{"line":17,"column":5}},{"start":{},"end":{}}],"line":12},"3":{"loc":{"start":{"line":12,"column":10},"end":{"line":12,"column":47}},"type":"binary-expr","locations":[{"start":{"line":12,"column":10},"end":{"line":12,"column":26}},{"start":{"line":12,"column":30},"end":{"line":12,"column":47}}],"line":12},"4":{"loc":{"start":{"line":18,"column":4},"end":{"line":22,"column":5}},"type":"if","locations":[{"start":{"line":18,"column":4},"end":{"line":22,"column":5}},{"start":{},"end":{}}],"line":18},"5":{"loc":{"start":{"line":18,"column":8},"end":{"line":18,"column":34}},"type":"binary-expr","locations":[{"start":{"line":18,"column":8},"end":{"line":18,"column":20}},{"start":{"line":18,"column":24},"end":{"line":18,"column":34}}],"line":18},"6":{"loc":{"start":{"line":23,"column":4},"end":{"line":28,"column":5}},"type":"if","locations":[{"start":{"line":23,"column":4},"end":{"line":28,"column":5}},{"start":{},"end":{}}],"line":23},"7":{"loc":{"start":{"line":31,"column":4},"end":{"line":35,"column":5}},"type":"if","locations":[{"start":{"line":31,"column":4},"end":{"line":35,"column":5}},{"start":{},"end":{}}],"line":31},"8":{"loc":{"start":{"line":66,"column":4},"end":{"line":70,"column":5}},"type":"if","locations":[{"start":{"line":66,"column":4},"end":{"line":70,"column":5}},{"start":{},"end":{}}],"line":66},"9":{"loc":{"start":{"line":80,"column":4},"end":{"line":84,"column":5}},"type":"if","locations":[{"start":{"line":80,"column":4},"end":{"line":84,"column":5}},{"start":{},"end":{}}],"line":80},"10":{"loc":{"start":{"line":95,"column":4},"end":{"line":99,"column":5}},"type":"if","locations":[{"start":{"line":95,"column":4},"end":{"line":99,"column":5}},{"start":{},"end":{}}],"line":95},"11":{"loc":{"start":{"line":95,"column":8},"end":{"line":95,"column":34}},"type":"binary-expr","locations":[{"start":{"line":95,"column":8},"end":{"line":95,"column":20}},{"start":{"line":95,"column":24},"end":{"line":95,"column":34}}],"line":95},"12":{"loc":{"start":{"line":105,"column":4},"end":{"line":109,"column":5}},"type":"if","locations":[{"start":{"line":105,"column":4},"end":{"line":109,"column":5}},{"start":{},"end":{}}],"line":105}},"s":{"0":4,"1":4,"2":4,"3":9,"4":9,"5":9,"6":9,"7":1,"8":8,"9":2,"10":6,"11":2,"12":4,"13":1,"14":3,"15":3,"16":1,"17":2,"18":2,"19":2,"20":2,"21":2,"22":1,"23":1,"24":4,"25":2,"26":2,"27":1,"28":1,"29":4,"30":3,"31":3,"32":3,"33":2,"34":1,"35":1,"36":1,"37":4,"38":3,"39":3,"40":3,"41":2,"42":1,"43":1,"44":1,"45":4,"46":5,"47":5,"48":5,"49":5,"50":5,"51":2,"52":3,"53":2,"54":1,"55":1,"56":1,"57":4},"f":{"0":9,"1":2,"2":3,"3":3,"4":5},"b":{"0":[1,8],"1":[9,8,8],"2":[2,6],"3":[8,7],"4":[2,4],"5":[6,5],"6":[1,3],"7":[1,2],"8":[1,1],"9":[1,1],"10":[2,3],"11":[5,4],"12":[1,1]},"_coverageSchema":"1a1c01bbd47fc00a2c39e90264f33305004495a9","hash":"ddf279440077337321950f1f5688148e472b6d8a"}
,"D:\\material-3_part_2\\swe\\section\\Project_Sec\\backEnd\\controllers\\wishList.controller.js": {"path":"D:\\material-3_part_2\\swe\\section\\Project_Sec\\backEnd\\controllers\\wishList.controller.js","statementMap":{"0":{"start":{"line":1,"column":17},"end":{"line":1,"column":52}},"1":{"start":{"line":2,"column":17},"end":{"line":2,"column":45}},"2":{"start":{"line":7,"column":22},"end":{"line":27,"column":1}},"3":{"start":{"line":8,"column":17},"end":{"line":8,"column":35}},"4":{"start":{"line":9,"column":19},"end":{"line":9,"column":29}},"5":{"start":{"line":10,"column":2},"end":{"line":26,"column":3}},"6":{"start":{"line":11,"column":19},"end":{"line":11,"column":74}},"7":{"start":{"line":12,"column":4},"end":{"line":18,"column":5}},"8":{"start":{"line":13,"column":6},"end":{"line":16,"column":9}},"9":{"start":{"line":17,"column":6},"end":{"line":17,"column":80}},"10":{"start":{"line":20,"column":17},"end":{"line":20,"column":62}},"11":{"start":{"line":21,"column":4},"end":{"line":21,"column":22}},"12":{"start":{"line":23,"column":4},"end":{"line":23,"column":67}},"13":{"start":{"line":25,"column":4},"end":{"line":25,"column":54}},"14":{"start":{"line":39,"column":20},"end":{"line":59,"column":1}},"15":{"start":{"line":40,"column":17},"end":{"line":40,"column":35}},"16":{"start":{"line":41,"column":12},"end":{"line":41,"column":13}},"17":{"start":{"line":42,"column":2},"end":{"line":58,"column":3}},"18":{"start":{"line":43,"column":21},"end":{"line":43,"column":78}},"19":{"start":{"line":50,"column":6},"end":{"line":50,"column":32}},"20":{"start":{"line":53,"column":4},"end":{"line":55,"column":71}},"21":{"start":{"line":57,"column":4},"end":{"line":57,"column":54}},"22":{"start":{"line":79,"column":0},"end":{"line":79,"column":48}}},"fnMap":{"0":{"name":"(anonymous_0)","decl":{"start":{"line":7,"column":22},"end":{"line":7,"column":23}},"loc":{"start":{"line":7,"column":42},"end":{"line":27,"column":1}},"line":7},"1":{"name":"(anonymous_1)","decl":{"start":{"line":39,"column":20},"end":{"line":39,"column":21}},"loc":{"start":{"line":39,"column":40},"end":{"line":59,"column":1}},"line":39}},"branchMap":{"0":{"loc":{"start":{"line":12,"column":4},"end":{"line":18,"column":5}},"type":"if","locations":[{"start":{"line":12,"column":4},"end":{"line":18,"column":5}},{"start":{},"end":{}}],"line":12}},"s":{"0":4,"1":4,"2":4,"3":4,"4":4,"5":4,"6":4,"7":3,"8":1,"9":1,"10":2,"11":2,"12":2,"13":1,"14":4,"15":2,"16":2,"17":2,"18":2,"19":1,"20":1,"21":1,"22":4},"f":{"0":4,"1":2},"b":{"0":[1,2]},"_coverageSchema":"1a1c01bbd47fc00a2c39e90264f33305004495a9","hash":"2ce269b617b58e143cd50f87036c8c89c4f0cef5"}
,"D:\\material-3_part_2\\swe\\section\\Project_Sec\\backEnd\\models\\product.model.js": {"path":"D:\\material-3_part_2\\swe\\section\\Project_Sec\\backEnd\\models\\product.model.js","statementMap":{"0":{"start":{"line":1,"column":17},"end":{"line":1,"column":36}},"1":{"start":{"line":2,"column":22},"end":{"line":20,"column":2}},"2":{"start":{"line":22,"column":0},"end":{"line":22,"column":58}}},"fnMap":{},"branchMap":{},"s":{"0":4,"1":4,"2":4},"f":{},"b":{},"_coverageSchema":"1a1c01bbd47fc00a2c39e90264f33305004495a9","hash":"7804b858a652d4d8f0269078ec73c6014d8b4f31"}
,"D:\\material-3_part_2\\swe\\section\\Project_Sec\\backEnd\\models\\user.model.js": {"path":"D:\\material-3_part_2\\swe\\section\\Project_Sec\\backEnd\\models\\user.model.js","statementMap":{"0":{"start":{"line":1,"column":17},"end":{"line":1,"column":36}},"1":{"start":{"line":3,"column":19},"end":{"line":38,"column":1}},"2":{"start":{"line":40,"column":0},"end":{"line":40,"column":52}}},"fnMap":{},"branchMap":{},"s":{"0":4,"1":4,"2":4},"f":{},"b":{},"_coverageSchema":"1a1c01bbd47fc00a2c39e90264f33305004495a9","hash":"aeaa01aa3368f25ddf470ae9dc1f09c7973fb485"}
,"D:\\material-3_part_2\\swe\\section\\Project_Sec\\backEnd\\models\\wishlist.model.js": {"path":"D:\\material-3_part_2\\swe\\section\\Project_Sec\\backEnd\\models\\wishlist.model.js","statementMap":{"0":{"start":{"line":1,"column":17},"end":{"line":1,"column":36}},"1":{"start":{"line":3,"column":23},"end":{"line":11,"column":2}},"2":{"start":{"line":13,"column":0},"end":{"line":13,"column":60}}},"fnMap":{},"branchMap":{},"s":{"0":4,"1":4,"2":4},"f":{},"b":{},"_coverageSchema":"1a1c01bbd47fc00a2c39e90264f33305004495a9","hash":"c787af711ef8693577116613ed8380254c493846"}
,"D:\\material-3_part_2\\swe\\section\\Project_Sec\\backEnd\\routes\\auth.routes.js": {"path":"D:\\material-3_part_2\\swe\\section\\Project_Sec\\backEnd\\routes\\auth.routes.js","statementMap":{"0":{"start":{"line":1,"column":16},"end":{"line":1,"column":34}},"1":{"start":{"line":2,"column":28},"end":{"line":2,"column":69}},"2":{"start":{"line":3,"column":15},"end":{"line":3,"column":31}},"3":{"start":{"line":4,"column":0},"end":{"line":4,"column":35}},"4":{"start":{"line":5,"column":0},"end":{"line":5,"column":41}},"5":{"start":{"line":6,"column":0},"end":{"line":6,"column":24}}},"fnMap":{},"branchMap":{},"s":{"0":4,"1":4,"2":4,"3":4,"4":4,"5":4},"f":{},"b":{},"_coverageSchema":"1a1c01bbd47fc00a2c39e90264f33305004495a9","hash":"07b31f0e8a1c42562d159a8a23c384b7eb50018b"}
,"D:\\material-3_part_2\\swe\\section\\Project_Sec\\backEnd\\routes\\crud.routes.js": {"path":"D:\\material-3_part_2\\swe\\section\\Project_Sec\\backEnd\\routes\\crud.routes.js","statementMap":{"0":{"start":{"line":1,"column":16},"end":{"line":1,"column":34}},"1":{"start":{"line":8,"column":4},"end":{"line":8,"column":45}},"2":{"start":{"line":9,"column":20},"end":{"line":9,"column":51}},"3":{"start":{"line":10,"column":18},"end":{"line":10,"column":47}},"4":{"start":{"line":12,"column":15},"end":{"line":12,"column":31}},"5":{"start":{"line":13,"column":15},"end":{"line":13,"column":32}},"6":{"start":{"line":14,"column":16},"end":{"line":22,"column":2}},"7":{"start":{"line":16,"column":4},"end":{"line":16,"column":24}},"8":{"start":{"line":19,"column":21},"end":{"line":19,"column":67}},"9":{"start":{"line":20,"column":4},"end":{"line":20,"column":23}},"10":{"start":{"line":23,"column":15},"end":{"line":23,"column":34}},"11":{"start":{"line":24,"column":0},"end":{"line":32,"column":4}},"12":{"start":{"line":33,"column":0},"end":{"line":37,"column":35}},"13":{"start":{"line":40,"column":0},"end":{"line":40,"column":24}}},"fnMap":{"0":{"name":"(anonymous_0)","decl":{"start":{"line":15,"column":15},"end":{"line":15,"column":16}},"loc":{"start":{"line":15,"column":40},"end":{"line":17,"column":3}},"line":15},"1":{"name":"(anonymous_1)","decl":{"start":{"line":18,"column":12},"end":{"line":18,"column":13}},"loc":{"start":{"line":18,"column":37},"end":{"line":21,"column":3}},"line":18}},"branchMap":{},"s":{"0":4,"1":4,"2":4,"3":4,"4":4,"5":4,"6":4,"7":8,"8":8,"9":8,"10":4,"11":4,"12":4,"13":4},"f":{"0":8,"1":8},"b":{},"_coverageSchema":"1a1c01bbd47fc00a2c39e90264f33305004495a9","hash":"1acc576d561a529db7f1f9f55f0d92ac9ef1bb0d"}
,"D:\\material-3_part_2\\swe\\section\\Project_Sec\\backEnd\\routes\\wishlist.routes.js": {"path":"D:\\material-3_part_2\\swe\\section\\Project_Sec\\backEnd\\routes\\wishlist.routes.js","statementMap":{"0":{"start":{"line":1,"column":16},"end":{"line":1,"column":34}},"1":{"start":{"line":2,"column":15},"end":{"line":2,"column":31}},"2":{"start":{"line":3,"column":20},"end":{"line":3,"column":51}},"3":{"start":{"line":7,"column":4},"end":{"line":7,"column":49}},"4":{"start":{"line":8,"column":0},"end":{"line":8,"column":48}},"5":{"start":{"line":9,"column":0},"end":{"line":9,"column":56}},"6":{"start":{"line":11,"column":0},"end":{"line":11,"column":24}}},"fnMap":{},"branchMap":{},"s":{"0":4,"1":4,"2":4,"3":4,"4":4,"5":4,"6":4},"f":{},"b":{},"_coverageSchema":"1a1c01bbd47fc00a2c39e90264f33305004495a9","hash":"b005765b655de0e180967ebe5454184f45398235"}
,"D:\\material-3_part_2\\swe\\section\\Project_Sec\\backEnd\\utils\\allowedTo.js": {"path":"D:\\material-3_part_2\\swe\\section\\Project_Sec\\backEnd\\utils\\allowedTo.js","statementMap":{"0":{"start":{"line":2,"column":2},"end":{"line":12,"column":4}},"1":{"start":{"line":3,"column":4},"end":{"line":9,"column":5}},"2":{"start":{"line":4,"column":6},"end":{"line":4,"column":31}},"3":{"start":{"line":5,"column":6},"end":{"line":8,"column":9}},"4":{"start":{"line":11,"column":4},"end":{"line":11,"column":11}},"5":{"start":{"line":15,"column":0},"end":{"line":15,"column":27}}},"fnMap":{"0":{"name":"allowedTo","decl":{"start":{"line":1,"column":9},"end":{"line":1,"column":18}},"loc":{"start":{"line":1,"column":25},"end":{"line":13,"column":1}},"line":1},"1":{"name":"(anonymous_1)","decl":{"start":{"line":2,"column":9},"end":{"line":2,"column":10}},"loc":{"start":{"line":2,"column":29},"end":{"line":12,"column":3}},"line":2}},"branchMap":{"0":{"loc":{"start":{"line":3,"column":4},"end":{"line":9,"column":5}},"type":"if","locations":[{"start":{"line":3,"column":4},"end":{"line":9,"column":5}},{"start":{},"end":{}}],"line":3}},"s":{"0":10,"1":14,"2":1,"3":1,"4":13,"5":5},"f":{"0":10,"1":14},"b":{"0":[1,13]},"_coverageSchema":"1a1c01bbd47fc00a2c39e90264f33305004495a9","hash":"4270f3d205a0dcefeff8cf1deadfdbbdb1b7b62c"}
,"D:\\material-3_part_2\\swe\\section\\Project_Sec\\backEnd\\utils\\generateToken.js": {"path":"D:\\material-3_part_2\\swe\\section\\Project_Sec\\backEnd\\utils\\generateToken.js","statementMap":{"0":{"start":{"line":1,"column":12},"end":{"line":1,"column":35}},"1":{"start":{"line":4,"column":16},"end":{"line":6,"column":4}},"2":{"start":{"line":7,"column":2},"end":{"line":7,"column":15}},"3":{"start":{"line":10,"column":0},"end":{"line":10,"column":31}}},"fnMap":{"0":{"name":"generateToken","decl":{"start":{"line":3,"column":15},"end":{"line":3,"column":28}},"loc":{"start":{"line":3,"column":38},"end":{"line":8,"column":1}},"line":3}},"branchMap":{},"s":{"0":4,"1":4,"2":4,"3":4},"f":{"0":4},"b":{},"_coverageSchema":"1a1c01bbd47fc00a2c39e90264f33305004495a9","hash":"640d076358309e0b3cd0f993f643ca865ecf3557"}
,"D:\\material-3_part_2\\swe\\section\\Project_Sec\\backEnd\\utils\\sumPrice.js": {"path":"D:\\material-3_part_2\\swe\\section\\Project_Sec\\backEnd\\utils\\sumPrice.js","statementMap":{"0":{"start":{"line":1,"column":17},"end":{"line":9,"column":1}},"1":{"start":{"line":2,"column":12},"end":{"line":2,"column":13}},"2":{"start":{"line":4,"column":2},"end":{"line":6,"column":5}},"3":{"start":{"line":5,"column":4},"end":{"line":5,"column":29}},"4":{"start":{"line":8,"column":2},"end":{"line":8,"column":13}},"5":{"start":{"line":11,"column":0},"end":{"line":11,"column":26}}},"fnMap":{"0":{"name":"(anonymous_0)","decl":{"start":{"line":1,"column":17},"end":{"line":1,"column":18}},"loc":{"start":{"line":1,"column":31},"end":{"line":9,"column":1}},"line":1},"1":{"name":"(anonymous_1)","decl":{"start":{"line":4,"column":19},"end":{"line":4,"column":20}},"loc":{"start":{"line":4,"column":26},"end":{"line":6,"column":3}},"line":4}},"branchMap":{},"s":{"0":5,"1":4,"2":4,"3":5,"4":4,"5":5},"f":{"0":4,"1":5},"b":{},"_coverageSchema":"1a1c01bbd47fc00a2c39e90264f33305004495a9","hash":"699cd2965cd381526483db2bdc717525695dc9ba"}
,"D:\\material-3_part_2\\swe\\section\\Project_Sec\\backEnd\\utils\\upper.js": {"path":"D:\\material-3_part_2\\swe\\section\\Project_Sec\\backEnd\\utils\\upper.js","statementMap":{"0":{"start":{"line":1,"column":20},"end":{"line":3,"column":1}},"1":{"start":{"line":2,"column":2},"end":{"line":2,"column":45}},"2":{"start":{"line":5,"column":0},"end":{"line":5,"column":29}}},"fnMap":{"0":{"name":"(anonymous_0)","decl":{"start":{"line":1,"column":20},"end":{"line":1,"column":21}},"loc":{"start":{"line":1,"column":29},"end":{"line":3,"column":1}},"line":1}},"branchMap":{},"s":{"0":5,"1":3,"2":5},"f":{"0":3},"b":{},"_coverageSchema":"1a1c01bbd47fc00a2c39e90264f33305004495a9","hash":"5d51fe03664c8d900d2cce5de06c5c0893e12413"}
,"D:\\material-3_part_2\\swe\\section\\Project_Sec\\backEnd\\utils\\verifyToken.js": {"path":"D:\\material-3_part_2\\swe\\section\\Project_Sec\\backEnd\\utils\\verifyToken.js","statementMap":{"0":{"start":{"line":1,"column":12},"end":{"line":1,"column":35}},"1":{"start":{"line":2,"column":20},"end":{"line":25,"column":1}},"2":{"start":{"line":5,"column":4},"end":{"line":5,"column":64}},"3":{"start":{"line":6,"column":2},"end":{"line":6,"column":26}},"4":{"start":{"line":7,"column":2},"end":{"line":12,"column":3}},"5":{"start":{"line":8,"column":4},"end":{"line":11,"column":7}},"6":{"start":{"line":13,"column":16},"end":{"line":13,"column":26}},"7":{"start":{"line":14,"column":2},"end":{"line":24,"column":3}},"8":{"start":{"line":15,"column":24},"end":{"line":15,"column":67}},"9":{"start":{"line":16,"column":4},"end":{"line":16,"column":29}},"10":{"start":{"line":17,"column":4},"end":{"line":17,"column":34}},"11":{"start":{"line":18,"column":4},"end":{"line":18,"column":11}},"12":{"start":{"line":20,"column":4},"end":{"line":23,"column":7}},"13":{"start":{"line":27,"column":0},"end":{"line":27,"column":29}}},"fnMap":{"0":{"name":"(anonymous_0)","decl":{"start":{"line":2,"column":20},"end":{"line":2,"column":21}},"loc":{"start":{"line":2,"column":40},"end":{"line":25,"column":1}},"line":2}},"branchMap":{"0":{"loc":{"start":{"line":5,"column":4},"end":{"line":5,"column":64}},"type":"binary-expr","locations":[{"start":{"line":5,"column":4},"end":{"line":5,"column":32}},{"start":{"line":5,"column":36},"end":{"line":5,"column":64}}],"line":5},"1":{"loc":{"start":{"line":7,"column":2},"end":{"line":12,"column":3}},"type":"if","locations":[{"start":{"line":7,"column":2},"end":{"line":12,"column":3}},{"start":{},"end":{}}],"line":7}},"s":{"0":5,"1":5,"2":26,"3":26,"4":26,"5":1,"6":25,"7":25,"8":25,"9":24,"10":24,"11":24,"12":1,"13":5},"f":{"0":26},"b":{"0":[26,1],"1":[1,25]},"_coverageSchema":"1a1c01bbd47fc00a2c39e90264f33305004495a9","hash":"feb35e16250e4c488b2a710fa1a38335bdc452a7"}
}
