{"D:\\material-3_part_2\\swe\\section\\Project_Sec\\backEnd\\config.js": {"path":"D:\\material-3_part_2\\swe\\section\\Project_Sec\\backEnd\\config.js","statementMap":{"0":{"start":{"line":1,"column":17},"end":{"line":1,"column":36}},"1":{"start":{"line":2,"column":0},"end":{"line":2,"column":27}},"2":{"start":{"line":4,"column":2},"end":{"line":15,"column":3}},"3":{"start":{"line":5,"column":4},"end":{"line":10,"column":6}},"4":{"start":{"line":11,"column":4},"end":{"line":11,"column":62}},"5":{"start":{"line":13,"column":4},"end":{"line":13,"column":23}},"6":{"start":{"line":14,"column":4},"end":{"line":14,"column":20}},"7":{"start":{"line":17,"column":0},"end":{"line":17,"column":27}}},"fnMap":{"0":{"name":"ConnectDB","decl":{"start":{"line":3,"column":15},"end":{"line":3,"column":24}},"loc":{"start":{"line":3,"column":27},"end":{"line":16,"column":1}},"line":3}},"branchMap":{},"s":{"0":1,"1":1,"2":1,"3":1,"4":1,"5":0,"6":0,"7":1},"f":{"0":1},"b":{},"_coverageSchema":"1a1c01bbd47fc00a2c39e90264f33305004495a9","hash":"b28d5abfd81f7a11afdca9b7179756575fb8ab91"}
,"D:\\material-3_part_2\\swe\\section\\Project_Sec\\backEnd\\index.js": {"path":"D:\\material-3_part_2\\swe\\section\\Project_Sec\\backEnd\\index.js","statementMap":{"0":{"start":{"line":1,"column":16},"end":{"line":1,"column":34}},"1":{"start":{"line":2,"column":18},"end":{"line":2,"column":37}},"2":{"start":{"line":3,"column":19},"end":{"line":3,"column":50}},"3":{"start":{"line":4,"column":22},"end":{"line":4,"column":53}},"4":{"start":{"line":5,"column":15},"end":{"line":5,"column":32}},"5":{"start":{"line":6,"column":13},"end":{"line":6,"column":28}},"6":{"start":{"line":7,"column":13},"end":{"line":7,"column":28}},"7":{"start":{"line":8,"column":12},"end":{"line":8,"column":21}},"8":{"start":{"line":9,"column":0},"end":{"line":9,"column":12}},"9":{"start":{"line":10,"column":0},"end":{"line":10,"column":24}},"10":{"start":{"line":11,"column":0},"end":{"line":11,"column":69}},"11":{"start":{"line":12,"column":0},"end":{"line":12,"column":16}},"12":{"start":{"line":13,"column":0},"end":{"line":13,"column":23}},"13":{"start":{"line":14,"column":0},"end":{"line":14,"column":37}},"14":{"start":{"line":15,"column":0},"end":{"line":15,"column":43}},"15":{"start":{"line":16,"column":0},"end":{"line":20,"column":3}},"16":{"start":{"line":17,"column":2},"end":{"line":19,"column":69}},"17":{"start":{"line":22,"column":0},"end":{"line":22,"column":21}}},"fnMap":{"0":{"name":"(anonymous_0)","decl":{"start":{"line":16,"column":13},"end":{"line":16,"column":14}},"loc":{"start":{"line":16,"column":27},"end":{"line":20,"column":1}},"line":16}},"branchMap":{},"s":{"0":1,"1":1,"2":1,"3":1,"4":1,"5":1,"6":1,"7":1,"8":1,"9":1,"10":1,"11":1,"12":1,"13":1,"14":1,"15":1,"16":0,"17":1},"f":{"0":0},"b":{},"_coverageSchema":"1a1c01bbd47fc00a2c39e90264f33305004495a9","hash":"334121d1cdd6f84511f5c19a8b430e3f06d5b0e8"}
,"D:\\material-3_part_2\\swe\\section\\Project_Sec\\backEnd\\controllers\\auth.controller.js": {"path":"D:\\material-3_part_2\\swe\\section\\Project_Sec\\backEnd\\controllers\\auth.controller.js","statementMap":{"0":{"start":{"line":1,"column":13},"end":{"line":1,"column":44}},"1":{"start":{"line":3,"column":2},"end":{"line":47,"column":3}},"2":{"start":{"line":4,"column":38},"end":{"line":4,"column":46}},"3":{"start":{"line":5,"column":4},"end":{"line":5,"column":39}},"4":{"start":{"line":6,"column":4},"end":{"line":10,"column":5}},"5":{"start":{"line":7,"column":6},"end":{"line":9,"column":75}},"6":{"start":{"line":11,"column":4},"end":{"line":15,"column":5}},"7":{"start":{"line":12,"column":6},"end":{"line":14,"column":70}},"8":{"start":{"line":17,"column":6},"end":{"line":17,"column":76}},"9":{"start":{"line":18,"column":4},"end":{"line":24,"column":5}},"10":{"start":{"line":19,"column":6},"end":{"line":23,"column":9}},"11":{"start":{"line":26,"column":22},"end":{"line":26,"column":51}},"12":{"start":{"line":27,"column":4},"end":{"line":31,"column":5}},"13":{"start":{"line":28,"column":6},"end":{"line":30,"column":69}},"14":{"start":{"line":33,"column":17},"end":{"line":33,"column":35}},"15":{"start":{"line":35,"column":4},"end":{"line":35,"column":22}},"16":{"start":{"line":36,"column":24},"end":{"line":41,"column":5}},"17":{"start":{"line":42,"column":4},"end":{"line":44,"column":74}},"18":{"start":{"line":46,"column":4},"end":{"line":46,"column":77}},"19":{"start":{"line":50,"column":2},"end":{"line":76,"column":3}},"20":{"start":{"line":51,"column":32},"end":{"line":51,"column":40}},"21":{"start":{"line":52,"column":4},"end":{"line":56,"column":5}},"22":{"start":{"line":53,"column":6},"end":{"line":55,"column":70}},"23":{"start":{"line":59,"column":6},"end":{"line":59,"column":76}},"24":{"start":{"line":60,"column":4},"end":{"line":66,"column":5}},"25":{"start":{"line":61,"column":6},"end":{"line":65,"column":9}},"26":{"start":{"line":67,"column":17},"end":{"line":67,"column":46}},"27":{"start":{"line":68,"column":4},"end":{"line":72,"column":5}},"28":{"start":{"line":69,"column":6},"end":{"line":71,"column":65}},"29":{"start":{"line":73,"column":4},"end":{"line":73,"column":71}},"30":{"start":{"line":75,"column":4},"end":{"line":75,"column":68}},"31":{"start":{"line":80,"column":2},"end":{"line":80,"column":33}},"32":{"start":{"line":82,"column":0},"end":{"line":85,"column":2}}},"fnMap":{"0":{"name":"register","decl":{"start":{"line":2,"column":15},"end":{"line":2,"column":23}},"loc":{"start":{"line":2,"column":34},"end":{"line":48,"column":1}},"line":2},"1":{"name":"login","decl":{"start":{"line":49,"column":15},"end":{"line":49,"column":20}},"loc":{"start":{"line":49,"column":31},"end":{"line":77,"column":1}},"line":49},"2":{"name":"matchPass","decl":{"start":{"line":79,"column":9},"end":{"line":79,"column":18}},"loc":{"start":{"line":79,"column":42},"end":{"line":81,"column":1}},"line":79}},"branchMap":{"0":{"loc":{"start":{"line":6,"column":4},"end":{"line":10,"column":5}},"type":"if","locations":[{"start":{"line":6,"column":4},"end":{"line":10,"column":5}},{"start":{},"end":{}}],"line":6},"1":{"loc":{"start":{"line":6,"column":8},"end":{"line":6,"column":48}},"type":"binary-expr","locations":[{"start":{"line":6,"column":8},"end":{"line":6,"column":39}},{"start":{"line":6,"column":43},"end":{"line":6,"column":48}}],"line":6},"2":{"loc":{"start":{"line":11,"column":4},"end":{"line":15,"column":5}},"type":"if","locations":[{"start":{"line":11,"column":4},"end":{"line":15,"column":5}},{"start":{},"end":{}}],"line":11},"3":{"loc":{"start":{"line":11,"column":8},"end":{"line":11,"column":59}},"type":"binary-expr","locations":[{"start":{"line":11,"column":8},"end":{"line":11,"column":49}},{"start":{"line":11,"column":53},"end":{"line":11,"column":59}}],"line":11},"4":{"loc":{"start":{"line":18,"column":4},"end":{"line":24,"column":5}},"type":"if","locations":[{"start":{"line":18,"column":4},"end":{"line":24,"column":5}},{"start":{},"end":{}}],"line":18},"5":{"loc":{"start":{"line":18,"column":8},"end":{"line":18,"column":50}},"type":"binary-expr","locations":[{"start":{"line":18,"column":8},"end":{"line":18,"column":37}},{"start":{"line":18,"column":41},"end":{"line":18,"column":50}}],"line":18},"6":{"loc":{"start":{"line":27,"column":4},"end":{"line":31,"column":5}},"type":"if","locations":[{"start":{"line":27,"column":4},"end":{"line":31,"column":5}},{"start":{},"end":{}}],"line":27},"7":{"loc":{"start":{"line":52,"column":4},"end":{"line":56,"column":5}},"type":"if","locations":[{"start":{"line":52,"column":4},"end":{"line":56,"column":5}},{"start":{},"end":{}}],"line":52},"8":{"loc":{"start":{"line":52,"column":8},"end":{"line":52,"column":59}},"type":"binary-expr","locations":[{"start":{"line":52,"column":8},"end":{"line":52,"column":49}},{"start":{"line":52,"column":53},"end":{"line":52,"column":59}}],"line":52},"9":{"loc":{"start":{"line":60,"column":4},"end":{"line":66,"column":5}},"type":"if","locations":[{"start":{"line":60,"column":4},"end":{"line":66,"column":5}},{"start":{},"end":{}}],"line":60},"10":{"loc":{"start":{"line":60,"column":8},"end":{"line":60,"column":50}},"type":"binary-expr","locations":[{"start":{"line":60,"column":8},"end":{"line":60,"column":37}},{"start":{"line":60,"column":41},"end":{"line":60,"column":50}}],"line":60},"11":{"loc":{"start":{"line":68,"column":4},"end":{"line":72,"column":5}},"type":"if","locations":[{"start":{"line":68,"column":4},"end":{"line":72,"column":5}},{"start":{},"end":{}}],"line":68},"12":{"loc":{"start":{"line":68,"column":8},"end":{"line":68,"column":52}},"type":"binary-expr","locations":[{"start":{"line":68,"column":8},"end":{"line":68,"column":13}},{"start":{"line":68,"column":17},"end":{"line":68,"column":52}}],"line":68}},"s":{"0":1,"1":0,"2":0,"3":0,"4":0,"5":0,"6":0,"7":0,"8":0,"9":0,"10":0,"11":0,"12":0,"13":0,"14":0,"15":0,"16":0,"17":0,"18":0,"19":0,"20":0,"21":0,"22":0,"23":0,"24":0,"25":0,"26":0,"27":0,"28":0,"29":0,"30":0,"31":0,"32":1},"f":{"0":0,"1":0,"2":0},"b":{"0":[0,0],"1":[0,0],"2":[0,0],"3":[0,0],"4":[0,0],"5":[0,0],"6":[0,0],"7":[0,0],"8":[0,0],"9":[0,0],"10":[0,0],"11":[0,0],"12":[0,0]},"_coverageSchema":"1a1c01bbd47fc00a2c39e90264f33305004495a9","hash":"13f63339ed13064caeb376338f50493c9abb28bc"}
,"D:\\material-3_part_2\\swe\\section\\Project_Sec\\backEnd\\controllers\\crud.controller.js": {"path":"D:\\material-3_part_2\\swe\\section\\Project_Sec\\backEnd\\controllers\\crud.controller.js","statementMap":{"0":{"start":{"line":1,"column":16},"end":{"line":1,"column":53}},"1":{"start":{"line":2,"column":19},"end":{"line":50,"column":1}},"2":{"start":{"line":3,"column":2},"end":{"line":49,"column":3}},"3":{"start":{"line":4,"column":4},"end":{"line":4,"column":26}},"4":{"start":{"line":5,"column":41},"end":{"line":5,"column":49}},"5":{"start":{"line":6,"column":4},"end":{"line":10,"column":5}},"6":{"start":{"line":7,"column":6},"end":{"line":9,"column":70}},"7":{"start":{"line":11,"column":4},"end":{"line":16,"column":5}},"8":{"start":{"line":12,"column":6},"end":{"line":15,"column":9}},"9":{"start":{"line":17,"column":4},"end":{"line":21,"column":5}},"10":{"start":{"line":18,"column":6},"end":{"line":20,"column":78}},"11":{"start":{"line":22,"column":4},"end":{"line":27,"column":5}},"12":{"start":{"line":23,"column":6},"end":{"line":26,"column":9}},"13":{"start":{"line":29,"column":22},"end":{"line":29,"column":40}},"14":{"start":{"line":30,"column":4},"end":{"line":34,"column":5}},"15":{"start":{"line":31,"column":6},"end":{"line":33,"column":61}},"16":{"start":{"line":35,"column":4},"end":{"line":35,"column":27}},"17":{"start":{"line":36,"column":20},"end":{"line":41,"column":6}},"18":{"start":{"line":42,"column":4},"end":{"line":42,"column":25}},"19":{"start":{"line":43,"column":4},"end":{"line":43,"column":25}},"20":{"start":{"line":44,"column":4},"end":{"line":46,"column":65}},"21":{"start":{"line":48,"column":4},"end":{"line":48,"column":77}},"22":{"start":{"line":51,"column":23},"end":{"line":58,"column":1}},"23":{"start":{"line":52,"column":2},"end":{"line":57,"column":3}},"24":{"start":{"line":53,"column":21},"end":{"line":53,"column":41}},"25":{"start":{"line":54,"column":4},"end":{"line":54,"column":75}},"26":{"start":{"line":56,"column":4},"end":{"line":56,"column":77}},"27":{"start":{"line":59,"column":25},"end":{"line":72,"column":1}},"28":{"start":{"line":60,"column":2},"end":{"line":71,"column":3}},"29":{"start":{"line":61,"column":19},"end":{"line":61,"column":29}},"30":{"start":{"line":62,"column":20},"end":{"line":62,"column":46}},"31":{"start":{"line":63,"column":4},"end":{"line":67,"column":5}},"32":{"start":{"line":64,"column":6},"end":{"line":66,"column":64}},"33":{"start":{"line":68,"column":4},"end":{"line":68,"column":74}},"34":{"start":{"line":70,"column":4},"end":{"line":70,"column":77}},"35":{"start":{"line":73,"column":22},"end":{"line":86,"column":1}},"36":{"start":{"line":74,"column":2},"end":{"line":85,"column":3}},"37":{"start":{"line":75,"column":19},"end":{"line":75,"column":29}},"38":{"start":{"line":76,"column":20},"end":{"line":76,"column":55}},"39":{"start":{"line":77,"column":4},"end":{"line":81,"column":5}},"40":{"start":{"line":78,"column":6},"end":{"line":80,"column":64}},"41":{"start":{"line":82,"column":4},"end":{"line":82,"column":74}},"42":{"start":{"line":84,"column":4},"end":{"line":84,"column":77}},"43":{"start":{"line":87,"column":22},"end":{"line":112,"column":1}},"44":{"start":{"line":88,"column":2},"end":{"line":111,"column":3}},"45":{"start":{"line":89,"column":19},"end":{"line":89,"column":29}},"46":{"start":{"line":90,"column":22},"end":{"line":90,"column":30}},"47":{"start":{"line":91,"column":4},"end":{"line":91,"column":27}},"48":{"start":{"line":92,"column":4},"end":{"line":96,"column":5}},"49":{"start":{"line":93,"column":6},"end":{"line":95,"column":78}},"50":{"start":{"line":97,"column":20},"end":{"line":101,"column":5}},"51":{"start":{"line":102,"column":4},"end":{"line":106,"column":5}},"52":{"start":{"line":103,"column":6},"end":{"line":105,"column":64}},"53":{"start":{"line":108,"column":4},"end":{"line":108,"column":74}},"54":{"start":{"line":110,"column":4},"end":{"line":110,"column":77}},"55":{"start":{"line":113,"column":0},"end":{"line":119,"column":2}}},"fnMap":{"0":{"name":"(anonymous_0)","decl":{"start":{"line":2,"column":19},"end":{"line":2,"column":20}},"loc":{"start":{"line":2,"column":39},"end":{"line":50,"column":1}},"line":2},"1":{"name":"(anonymous_1)","decl":{"start":{"line":51,"column":23},"end":{"line":51,"column":24}},"loc":{"start":{"line":51,"column":43},"end":{"line":58,"column":1}},"line":51},"2":{"name":"(anonymous_2)","decl":{"start":{"line":59,"column":25},"end":{"line":59,"column":26}},"loc":{"start":{"line":59,"column":45},"end":{"line":72,"column":1}},"line":59},"3":{"name":"(anonymous_3)","decl":{"start":{"line":73,"column":22},"end":{"line":73,"column":23}},"loc":{"start":{"line":73,"column":42},"end":{"line":86,"column":1}},"line":73},"4":{"name":"(anonymous_4)","decl":{"start":{"line":87,"column":22},"end":{"line":87,"column":23}},"loc":{"start":{"line":87,"column":42},"end":{"line":112,"column":1}},"line":87}},"branchMap":{"0":{"loc":{"start":{"line":6,"column":4},"end":{"line":10,"column":5}},"type":"if","locations":[{"start":{"line":6,"column":4},"end":{"line":10,"column":5}},{"start":{},"end":{}}],"line":6},"1":{"loc":{"start":{"line":6,"column":8},"end":{"line":6,"column":39}},"type":"binary-expr","locations":[{"start":{"line":6,"column":8},"end":{"line":6,"column":13}},{"start":{"line":6,"column":17},"end":{"line":6,"column":23}},{"start":{"line":6,"column":27},"end":{"line":6,"column":39}}],"line":6},"2":{"loc":{"start":{"line":11,"column":4},"end":{"line":16,"column":5}},"type":"if","locations":[{"start":{"line":11,"column":4},"end":{"line":16,"column":5}},{"start":{},"end":{}}],"line":11},"3":{"loc":{"start":{"line":11,"column":10},"end":{"line":11,"column":47}},"type":"binary-expr","locations":[{"start":{"line":11,"column":10},"end":{"line":11,"column":26}},{"start":{"line":11,"column":30},"end":{"line":11,"column":47}}],"line":11},"4":{"loc":{"start":{"line":17,"column":4},"end":{"line":21,"column":5}},"type":"if","locations":[{"start":{"line":17,"column":4},"end":{"line":21,"column":5}},{"start":{},"end":{}}],"line":17},"5":{"loc":{"start":{"line":17,"column":8},"end":{"line":17,"column":34}},"type":"binary-expr","locations":[{"start":{"line":17,"column":8},"end":{"line":17,"column":20}},{"start":{"line":17,"column":24},"end":{"line":17,"column":34}}],"line":17},"6":{"loc":{"start":{"line":22,"column":4},"end":{"line":27,"column":5}},"type":"if","locations":[{"start":{"line":22,"column":4},"end":{"line":27,"column":5}},{"start":{},"end":{}}],"line":22},"7":{"loc":{"start":{"line":30,"column":4},"end":{"line":34,"column":5}},"type":"if","locations":[{"start":{"line":30,"column":4},"end":{"line":34,"column":5}},{"start":{},"end":{}}],"line":30},"8":{"loc":{"start":{"line":63,"column":4},"end":{"line":67,"column":5}},"type":"if","locations":[{"start":{"line":63,"column":4},"end":{"line":67,"column":5}},{"start":{},"end":{}}],"line":63},"9":{"loc":{"start":{"line":77,"column":4},"end":{"line":81,"column":5}},"type":"if","locations":[{"start":{"line":77,"column":4},"end":{"line":81,"column":5}},{"start":{},"end":{}}],"line":77},"10":{"loc":{"start":{"line":92,"column":4},"end":{"line":96,"column":5}},"type":"if","locations":[{"start":{"line":92,"column":4},"end":{"line":96,"column":5}},{"start":{},"end":{}}],"line":92},"11":{"loc":{"start":{"line":92,"column":8},"end":{"line":92,"column":34}},"type":"binary-expr","locations":[{"start":{"line":92,"column":8},"end":{"line":92,"column":20}},{"start":{"line":92,"column":24},"end":{"line":92,"column":34}}],"line":92},"12":{"loc":{"start":{"line":102,"column":4},"end":{"line":106,"column":5}},"type":"if","locations":[{"start":{"line":102,"column":4},"end":{"line":106,"column":5}},{"start":{},"end":{}}],"line":102}},"s":{"0":1,"1":1,"2":9,"3":9,"4":9,"5":9,"6":1,"7":8,"8":2,"9":6,"10":2,"11":4,"12":1,"13":3,"14":3,"15":1,"16":2,"17":2,"18":2,"19":2,"20":1,"21":1,"22":1,"23":2,"24":2,"25":1,"26":1,"27":1,"28":3,"29":3,"30":3,"31":2,"32":1,"33":1,"34":1,"35":1,"36":3,"37":3,"38":3,"39":2,"40":1,"41":1,"42":1,"43":1,"44":5,"45":5,"46":5,"47":5,"48":5,"49":2,"50":3,"51":2,"52":1,"53":1,"54":1,"55":1},"f":{"0":9,"1":2,"2":3,"3":3,"4":5},"b":{"0":[1,8],"1":[9,8,8],"2":[2,6],"3":[8,7],"4":[2,4],"5":[6,5],"6":[1,3],"7":[1,2],"8":[1,1],"9":[1,1],"10":[2,3],"11":[5,4],"12":[1,1]},"_coverageSchema":"1a1c01bbd47fc00a2c39e90264f33305004495a9","hash":"b13f652c622ebeaacb3b64593379aa127cb6f100"}
,"D:\\material-3_part_2\\swe\\section\\Project_Sec\\backEnd\\models\\product.model.js": {"path":"D:\\material-3_part_2\\swe\\section\\Project_Sec\\backEnd\\models\\product.model.js","statementMap":{"0":{"start":{"line":1,"column":17},"end":{"line":1,"column":36}},"1":{"start":{"line":2,"column":22},"end":{"line":20,"column":2}},"2":{"start":{"line":22,"column":0},"end":{"line":22,"column":58}}},"fnMap":{},"branchMap":{},"s":{"0":1,"1":1,"2":1},"f":{},"b":{},"_coverageSchema":"1a1c01bbd47fc00a2c39e90264f33305004495a9","hash":"7804b858a652d4d8f0269078ec73c6014d8b4f31"}
,"D:\\material-3_part_2\\swe\\section\\Project_Sec\\backEnd\\models\\user.model.js": {"path":"D:\\material-3_part_2\\swe\\section\\Project_Sec\\backEnd\\models\\user.model.js","statementMap":{"0":{"start":{"line":1,"column":17},"end":{"line":1,"column":36}},"1":{"start":{"line":3,"column":19},"end":{"line":33,"column":1}},"2":{"start":{"line":35,"column":0},"end":{"line":35,"column":52}}},"fnMap":{},"branchMap":{},"s":{"0":1,"1":1,"2":1},"f":{},"b":{},"_coverageSchema":"1a1c01bbd47fc00a2c39e90264f33305004495a9","hash":"8f24103ff2cb5617590e567aef30663a5a5a083e"}
,"D:\\material-3_part_2\\swe\\section\\Project_Sec\\backEnd\\routes\\auth.routes.js": {"path":"D:\\material-3_part_2\\swe\\section\\Project_Sec\\backEnd\\routes\\auth.routes.js","statementMap":{"0":{"start":{"line":1,"column":16},"end":{"line":1,"column":34}},"1":{"start":{"line":2,"column":28},"end":{"line":2,"column":69}},"2":{"start":{"line":3,"column":15},"end":{"line":3,"column":31}},"3":{"start":{"line":4,"column":0},"end":{"line":4,"column":35}},"4":{"start":{"line":5,"column":0},"end":{"line":5,"column":41}},"5":{"start":{"line":6,"column":0},"end":{"line":6,"column":24}}},"fnMap":{},"branchMap":{},"s":{"0":1,"1":1,"2":1,"3":1,"4":1,"5":1},"f":{},"b":{},"_coverageSchema":"1a1c01bbd47fc00a2c39e90264f33305004495a9","hash":"07b31f0e8a1c42562d159a8a23c384b7eb50018b"}
,"D:\\material-3_part_2\\swe\\section\\Project_Sec\\backEnd\\routes\\crud.routes.js": {"path":"D:\\material-3_part_2\\swe\\section\\Project_Sec\\backEnd\\routes\\crud.routes.js","statementMap":{"0":{"start":{"line":1,"column":16},"end":{"line":1,"column":34}},"1":{"start":{"line":8,"column":4},"end":{"line":8,"column":45}},"2":{"start":{"line":9,"column":15},"end":{"line":9,"column":31}},"3":{"start":{"line":10,"column":15},"end":{"line":10,"column":32}},"4":{"start":{"line":11,"column":16},"end":{"line":19,"column":2}},"5":{"start":{"line":13,"column":4},"end":{"line":13,"column":24}},"6":{"start":{"line":16,"column":21},"end":{"line":16,"column":67}},"7":{"start":{"line":17,"column":4},"end":{"line":17,"column":23}},"8":{"start":{"line":20,"column":15},"end":{"line":20,"column":34}},"9":{"start":{"line":21,"column":0},"end":{"line":24,"column":48}},"10":{"start":{"line":25,"column":0},"end":{"line":29,"column":22}},"11":{"start":{"line":32,"column":0},"end":{"line":32,"column":24}}},"fnMap":{"0":{"name":"(anonymous_0)","decl":{"start":{"line":12,"column":15},"end":{"line":12,"column":16}},"loc":{"start":{"line":12,"column":40},"end":{"line":14,"column":3}},"line":12},"1":{"name":"(anonymous_1)","decl":{"start":{"line":15,"column":12},"end":{"line":15,"column":13}},"loc":{"start":{"line":15,"column":37},"end":{"line":18,"column":3}},"line":15}},"branchMap":{},"s":{"0":1,"1":1,"2":1,"3":1,"4":1,"5":8,"6":8,"7":8,"8":1,"9":1,"10":1,"11":1},"f":{"0":8,"1":8},"b":{},"_coverageSchema":"1a1c01bbd47fc00a2c39e90264f33305004495a9","hash":"ddd7316330a6b928c2ad874ef8e0f2d9901a51ea"}
}
