TN:
SF:config.js
FN:3,ConnectDB
FNF:1
FNH:1
FNDA:1,ConnectDB
DA:1,1
DA:2,1
DA:4,1
DA:5,1
DA:11,1
DA:13,0
DA:14,0
DA:17,1
LF:8
LH:6
BRF:0
BRH:0
end_of_record
TN:
SF:index.js
FN:16,(anonymous_0)
FNF:1
FNH:0
FNDA:0,(anonymous_0)
DA:1,1
DA:2,1
DA:3,1
DA:4,1
DA:5,1
DA:6,1
DA:7,1
DA:8,1
DA:9,1
DA:10,1
DA:11,1
DA:12,1
DA:13,1
DA:14,1
DA:15,1
DA:16,1
DA:17,0
DA:22,1
LF:18
LH:17
BRF:0
BRH:0
end_of_record
TN:
SF:controllers\auth.controller.js
FN:2,register
FN:49,login
FN:79,matchPass
FNF:3
FNH:0
FNDA:0,register
FNDA:0,login
FNDA:0,matchPass
DA:1,1
DA:3,0
DA:4,0
DA:5,0
DA:6,0
DA:7,0
DA:11,0
DA:12,0
DA:17,0
DA:18,0
DA:19,0
DA:26,0
DA:27,0
DA:28,0
DA:33,0
DA:35,0
DA:36,0
DA:42,0
DA:46,0
DA:50,0
DA:51,0
DA:52,0
DA:53,0
DA:59,0
DA:60,0
DA:61,0
DA:67,0
DA:68,0
DA:69,0
DA:73,0
DA:75,0
DA:80,0
DA:82,1
LF:33
LH:2
BRDA:6,0,0,0
BRDA:6,0,1,0
BRDA:6,1,0,0
BRDA:6,1,1,0
BRDA:11,2,0,0
BRDA:11,2,1,0
BRDA:11,3,0,0
BRDA:11,3,1,0
BRDA:18,4,0,0
BRDA:18,4,1,0
BRDA:18,5,0,0
BRDA:18,5,1,0
BRDA:27,6,0,0
BRDA:27,6,1,0
BRDA:52,7,0,0
BRDA:52,7,1,0
BRDA:52,8,0,0
BRDA:52,8,1,0
BRDA:60,9,0,0
BRDA:60,9,1,0
BRDA:60,10,0,0
BRDA:60,10,1,0
BRDA:68,11,0,0
BRDA:68,11,1,0
BRDA:68,12,0,0
BRDA:68,12,1,0
BRF:26
BRH:0
end_of_record
TN:
SF:controllers\crud.controller.js
FN:2,(anonymous_0)
FN:51,(anonymous_1)
FN:59,(anonymous_2)
FN:73,(anonymous_3)
FN:87,(anonymous_4)
FNF:5
FNH:5
FNDA:9,(anonymous_0)
FNDA:2,(anonymous_1)
FNDA:3,(anonymous_2)
FNDA:3,(anonymous_3)
FNDA:5,(anonymous_4)
DA:1,1
DA:2,1
DA:3,9
DA:4,9
DA:5,9
DA:6,9
DA:7,1
DA:11,8
DA:12,2
DA:17,6
DA:18,2
DA:22,4
DA:23,1
DA:29,3
DA:30,3
DA:31,1
DA:35,2
DA:36,2
DA:42,2
DA:43,2
DA:44,1
DA:48,1
DA:51,1
DA:52,2
DA:53,2
DA:54,1
DA:56,1
DA:59,1
DA:60,3
DA:61,3
DA:62,3
DA:63,2
DA:64,1
DA:68,1
DA:70,1
DA:73,1
DA:74,3
DA:75,3
DA:76,3
DA:77,2
DA:78,1
DA:82,1
DA:84,1
DA:87,1
DA:88,5
DA:89,5
DA:90,5
DA:91,5
DA:92,5
DA:93,2
DA:97,3
DA:102,2
DA:103,1
DA:108,1
DA:110,1
DA:113,1
LF:56
LH:56
BRDA:6,0,0,1
BRDA:6,0,1,8
BRDA:6,1,0,9
BRDA:6,1,1,8
BRDA:6,1,2,8
BRDA:11,2,0,2
BRDA:11,2,1,6
BRDA:11,3,0,8
BRDA:11,3,1,7
BRDA:17,4,0,2
BRDA:17,4,1,4
BRDA:17,5,0,6
BRDA:17,5,1,5
BRDA:22,6,0,1
BRDA:22,6,1,3
BRDA:30,7,0,1
BRDA:30,7,1,2
BRDA:63,8,0,1
BRDA:63,8,1,1
BRDA:77,9,0,1
BRDA:77,9,1,1
BRDA:92,10,0,2
BRDA:92,10,1,3
BRDA:92,11,0,5
BRDA:92,11,1,4
BRDA:102,12,0,1
BRDA:102,12,1,1
BRF:27
BRH:27
end_of_record
TN:
SF:models\product.model.js
FNF:0
FNH:0
DA:1,1
DA:2,1
DA:22,1
LF:3
LH:3
BRF:0
BRH:0
end_of_record
TN:
SF:models\user.model.js
FNF:0
FNH:0
DA:1,1
DA:3,1
DA:35,1
LF:3
LH:3
BRF:0
BRH:0
end_of_record
TN:
SF:routes\auth.routes.js
FNF:0
FNH:0
DA:1,1
DA:2,1
DA:3,1
DA:4,1
DA:5,1
DA:6,1
LF:6
LH:6
BRF:0
BRH:0
end_of_record
TN:
SF:routes\crud.routes.js
FN:12,(anonymous_0)
FN:15,(anonymous_1)
FNF:2
FNH:2
FNDA:8,(anonymous_0)
FNDA:8,(anonymous_1)
DA:1,1
DA:8,1
DA:9,1
DA:10,1
DA:11,1
DA:13,8
DA:16,8
DA:17,8
DA:20,1
DA:21,1
DA:25,1
DA:32,1
LF:12
LH:12
BRF:0
BRH:0
end_of_record
