TN:
SF:config.js
FN:3,ConnectDB
FNF:1
FNH:1
FNDA:4,ConnectDB
DA:1,4
DA:2,4
DA:4,4
DA:10,3
DA:12,4
LF:5
LH:5
BRF:0
BRH:0
end_of_record
TN:
SF:index.js
FN:18,(anonymous_0)
FNF:1
FNH:1
FNDA:1,(anonymous_0)
DA:1,4
DA:2,4
DA:3,4
DA:4,4
DA:5,4
DA:6,4
DA:7,4
DA:8,4
DA:9,4
DA:10,4
DA:11,4
DA:12,4
DA:13,4
DA:14,4
DA:15,4
DA:16,4
DA:17,4
DA:18,4
DA:19,1
DA:24,4
LF:20
LH:20
BRF:0
BRH:0
end_of_record
TN:
SF:controllers\auth.controller.js
FN:4,register
FN:77,login
FN:118,matchPassBtwRepassword
FNF:3
FNH:3
FNDA:14,register
FNDA:8,login
FNDA:9,matchPassBtwRepassword
DA:1,4
DA:2,4
DA:3,4
DA:5,14
DA:6,14
DA:8,14
DA:9,2
DA:13,12
DA:14,2
DA:19,10
DA:20,10
DA:21,3
DA:27,7
DA:28,1
DA:34,6
DA:35,1
DA:42,5
DA:43,5
DA:44,2
DA:48,3
DA:49,3
DA:54,3
DA:61,3
DA:62,3
DA:70,3
DA:78,8
DA:79,8
DA:80,8
DA:81,2
DA:87,6
DA:88,6
DA:89,2
DA:96,4
DA:97,4
DA:98,4
DA:99,4
DA:100,3
DA:102,4
DA:103,1
DA:107,3
DA:108,3
DA:119,9
DA:122,4
LF:43
LH:43
BRDA:8,0,0,2
BRDA:8,0,1,12
BRDA:8,1,0,14
BRDA:8,1,1,13
BRDA:13,2,0,2
BRDA:13,2,1,10
BRDA:13,3,0,12
BRDA:13,3,1,10
BRDA:20,4,0,3
BRDA:20,4,1,7
BRDA:20,5,0,10
BRDA:20,5,1,7
BRDA:27,6,0,1
BRDA:27,6,1,6
BRDA:34,7,0,1
BRDA:34,7,1,5
BRDA:43,8,0,2
BRDA:43,8,1,3
BRDA:80,9,0,2
BRDA:80,9,1,6
BRDA:80,10,0,8
BRDA:80,10,1,6
BRDA:88,11,0,2
BRDA:88,11,1,4
BRDA:88,12,0,6
BRDA:88,12,1,4
BRDA:99,13,0,3
BRDA:99,13,1,1
BRDA:102,14,0,1
BRDA:102,14,1,3
BRDA:102,15,0,4
BRDA:102,15,1,3
BRF:32
BRH:32
end_of_record
TN:
SF:controllers\crud.controller.js
FN:3,(anonymous_0)
FN:54,(anonymous_1)
FN:62,(anonymous_2)
FN:76,(anonymous_3)
FN:90,(anonymous_4)
FNF:5
FNH:5
FNDA:8,(anonymous_0)
FNDA:1,(anonymous_1)
FNDA:2,(anonymous_2)
FNDA:2,(anonymous_3)
FNDA:4,(anonymous_4)
DA:1,4
DA:2,4
DA:3,4
DA:4,8
DA:5,8
DA:6,8
DA:7,8
DA:8,1
DA:12,7
DA:13,2
DA:18,5
DA:19,2
DA:23,3
DA:24,1
DA:30,2
DA:31,2
DA:32,1
DA:36,1
DA:38,1
DA:39,1
DA:45,1
DA:46,1
DA:47,1
DA:54,4
DA:55,1
DA:56,1
DA:57,1
DA:62,4
DA:63,2
DA:64,2
DA:65,2
DA:66,2
DA:67,1
DA:71,1
DA:76,4
DA:77,2
DA:78,2
DA:79,2
DA:80,2
DA:81,1
DA:85,1
DA:90,4
DA:91,4
DA:92,4
DA:93,4
DA:94,4
DA:95,4
DA:96,2
DA:100,2
DA:105,2
DA:106,1
DA:111,1
DA:116,4
LF:53
LH:53
BRDA:7,0,0,1
BRDA:7,0,1,7
BRDA:7,1,0,8
BRDA:7,1,1,7
BRDA:7,1,2,7
BRDA:12,2,0,2
BRDA:12,2,1,5
BRDA:12,3,0,7
BRDA:12,3,1,6
BRDA:18,4,0,2
BRDA:18,4,1,3
BRDA:18,5,0,5
BRDA:18,5,1,4
BRDA:23,6,0,1
BRDA:23,6,1,2
BRDA:31,7,0,1
BRDA:31,7,1,1
BRDA:66,8,0,1
BRDA:66,8,1,1
BRDA:80,9,0,1
BRDA:80,9,1,1
BRDA:95,10,0,2
BRDA:95,10,1,2
BRDA:95,11,0,4
BRDA:95,11,1,3
BRDA:105,12,0,1
BRDA:105,12,1,1
BRF:27
BRH:27
end_of_record
TN:
SF:controllers\wishList.controller.js
FN:7,(anonymous_0)
FN:39,(anonymous_1)
FNF:2
FNH:2
FNDA:3,(anonymous_0)
FNDA:1,(anonymous_1)
DA:1,4
DA:2,4
DA:7,4
DA:8,3
DA:9,3
DA:10,3
DA:11,3
DA:12,3
DA:13,1
DA:17,1
DA:20,2
DA:21,2
DA:23,2
DA:39,4
DA:40,1
DA:41,1
DA:42,1
DA:43,1
DA:50,1
DA:53,1
DA:79,4
LF:21
LH:21
BRDA:12,0,0,1
BRDA:12,0,1,2
BRF:2
BRH:2
end_of_record
TN:
SF:models\product.model.js
FNF:0
FNH:0
DA:1,4
DA:2,4
DA:22,4
LF:3
LH:3
BRF:0
BRH:0
end_of_record
TN:
SF:models\user.model.js
FNF:0
FNH:0
DA:1,4
DA:3,4
DA:40,4
LF:3
LH:3
BRF:0
BRH:0
end_of_record
TN:
SF:models\wishlist.model.js
FNF:0
FNH:0
DA:1,4
DA:3,4
DA:13,4
LF:3
LH:3
BRF:0
BRH:0
end_of_record
TN:
SF:routes\auth.routes.js
FNF:0
FNH:0
DA:1,4
DA:2,4
DA:3,4
DA:4,4
DA:5,4
DA:6,4
LF:6
LH:6
BRF:0
BRH:0
end_of_record
TN:
SF:routes\crud.routes.js
FN:15,(anonymous_0)
FN:18,(anonymous_1)
FNF:2
FNH:2
FNDA:7,(anonymous_0)
FNDA:7,(anonymous_1)
DA:1,4
DA:8,4
DA:9,4
DA:10,4
DA:12,4
DA:13,4
DA:14,4
DA:16,7
DA:19,7
DA:20,7
DA:23,4
DA:24,4
DA:33,4
DA:40,4
LF:14
LH:14
BRF:0
BRH:0
end_of_record
TN:
SF:routes\wishlist.routes.js
FNF:0
FNH:0
DA:1,4
DA:2,4
DA:3,4
DA:7,4
DA:8,4
DA:9,4
DA:11,4
LF:7
LH:7
BRF:0
BRH:0
end_of_record
TN:
SF:utils\allowedTo.js
FN:1,allowedTo
FN:2,(anonymous_1)
FNF:2
FNH:2
FNDA:9,allowedTo
FNDA:11,(anonymous_1)
DA:2,9
DA:3,11
DA:4,1
DA:10,10
DA:14,5
LF:5
LH:5
BRDA:3,0,0,1
BRDA:3,0,1,10
BRF:2
BRH:2
end_of_record
TN:
SF:utils\generateToken.js
FN:3,generateToken
FNF:1
FNH:1
FNDA:3,generateToken
DA:1,4
DA:4,3
DA:7,3
DA:10,4
LF:4
LH:4
BRF:0
BRH:0
end_of_record
TN:
SF:utils\sumPrice.js
FN:1,(anonymous_0)
FN:4,(anonymous_1)
FNF:2
FNH:2
FNDA:4,(anonymous_0)
FNDA:5,(anonymous_1)
DA:1,5
DA:2,4
DA:4,4
DA:5,5
DA:8,4
DA:11,5
LF:6
LH:6
BRF:0
BRH:0
end_of_record
TN:
SF:utils\upper.js
FN:1,(anonymous_0)
FNF:1
FNH:1
FNDA:2,(anonymous_0)
DA:1,5
DA:2,2
DA:5,5
LF:3
LH:3
BRF:0
BRH:0
end_of_record
TN:
SF:utils\verifyToken.js
FN:2,(anonymous_0)
FNF:1
FNH:1
FNDA:18,(anonymous_0)
DA:1,4
DA:2,4
DA:4,18
DA:5,18
DA:6,0
DA:11,18
DA:12,18
DA:13,18
DA:14,18
DA:15,18
DA:17,0
DA:24,4
LF:12
LH:10
BRDA:5,0,0,0
BRDA:5,0,1,18
BRF:2
BRH:1
end_of_record
